2020-04-16 20:26:54 method: com.lemon.cases.BaseCase.init(BaseCase.java:126) - [ INFO ]----=======================项目初始化============================
2020-04-16 20:26:56 method: com.lemon.cases.BaseCase.init(BaseCase.java:129) - [ INFO ]----=======================参数化开始============================
2020-04-16 20:26:59 method: com.lemon.utils.HttpUtils.printResponseAndReturnBody(HttpUtils.java:198) - [ INFO ]----响应头：[Server: nginx/1.4.2, Date: Thu, 16 Apr 2020 12:26:58 GMT, Content-Type: application/json;charset=UTF-8, Transfer-Encoding: chunked, Connection: keep-alive]
2020-04-16 20:26:59 method: com.lemon.utils.HttpUtils.printResponseAndReturnBody(HttpUtils.java:201) - [ INFO ]----响应体：{"code":1,"msg":"密码为空","data":null,"copyright":"Copyright 柠檬班 © 2017-2019 湖南省零檬信息技术有限公司 All Rights Reserved"}
2020-04-16 20:26:59 method: com.lemon.utils.HttpUtils.printResponseAndReturnBody(HttpUtils.java:203) - [ INFO ]----状态码：200
2020-04-16 20:26:59 method: com.lemon.utils.HttpUtils.printResponseAndReturnBody(HttpUtils.java:198) - [ INFO ]----响应头：[Server: nginx/1.4.2, Date: Thu, 16 Apr 2020 12:26:59 GMT, Content-Type: application/json;charset=UTF-8, Transfer-Encoding: chunked, Connection: keep-alive]
2020-04-16 20:26:59 method: com.lemon.utils.HttpUtils.printResponseAndReturnBody(HttpUtils.java:201) - [ INFO ]----响应体：{"code":1,"msg":"手机号为空","data":null,"copyright":"Copyright 柠檬班 © 2017-2019 湖南省零檬信息技术有限公司 All Rights Reserved"}
2020-04-16 20:26:59 method: com.lemon.utils.HttpUtils.printResponseAndReturnBody(HttpUtils.java:203) - [ INFO ]----状态码：200
2020-04-16 20:26:59 method: com.lemon.utils.HttpUtils.printResponseAndReturnBody(HttpUtils.java:198) - [ INFO ]----响应头：[Server: nginx/1.4.2, Date: Thu, 16 Apr 2020 12:26:59 GMT, Content-Type: application/json;charset=UTF-8, Transfer-Encoding: chunked, Connection: keep-alive]
2020-04-16 20:26:59 method: com.lemon.utils.HttpUtils.printResponseAndReturnBody(HttpUtils.java:201) - [ INFO ]----响应体：{"code":2,"msg":"无效的手机格式","data":null,"copyright":"Copyright 柠檬班 © 2017-2019 湖南省零檬信息技术有限公司 All Rights Reserved"}
2020-04-16 20:26:59 method: com.lemon.utils.HttpUtils.printResponseAndReturnBody(HttpUtils.java:203) - [ INFO ]----状态码：200
2020-04-16 20:26:59 method: com.lemon.utils.HttpUtils.printResponseAndReturnBody(HttpUtils.java:198) - [ INFO ]----响应头：[Server: nginx/1.4.2, Date: Thu, 16 Apr 2020 12:26:59 GMT, Content-Type: application/json;charset=UTF-8, Transfer-Encoding: chunked, Connection: keep-alive]
2020-04-16 20:26:59 method: com.lemon.utils.HttpUtils.printResponseAndReturnBody(HttpUtils.java:201) - [ INFO ]----响应体：{"code":2,"msg":"密码格式为8到16位","data":null,"copyright":"Copyright 柠檬班 © 2017-2019 湖南省零檬信息技术有限公司 All Rights Reserved"}
2020-04-16 20:26:59 method: com.lemon.utils.HttpUtils.printResponseAndReturnBody(HttpUtils.java:203) - [ INFO ]----状态码：200
2020-04-16 20:27:01 method: com.lemon.utils.HttpUtils.printResponseAndReturnBody(HttpUtils.java:198) - [ INFO ]----响应头：[Server: nginx/1.4.2, Date: Thu, 16 Apr 2020 12:27:00 GMT, Content-Type: application/json;charset=UTF-8, Transfer-Encoding: chunked, Connection: keep-alive]
2020-04-16 20:27:01 method: com.lemon.utils.HttpUtils.printResponseAndReturnBody(HttpUtils.java:201) - [ INFO ]----响应体：{"code":2,"msg":"账号已存在","data":null,"copyright":"Copyright 柠檬班 © 2017-2019 湖南省零檬信息技术有限公司 All Rights Reserved"}
2020-04-16 20:27:01 method: com.lemon.utils.HttpUtils.printResponseAndReturnBody(HttpUtils.java:203) - [ INFO ]----状态码：200
2020-04-16 20:27:01 method: com.lemon.utils.HttpUtils.printResponseAndReturnBody(HttpUtils.java:198) - [ INFO ]----响应头：[Server: nginx/1.4.2, Date: Thu, 16 Apr 2020 12:27:01 GMT, Content-Type: application/json;charset=UTF-8, Transfer-Encoding: chunked, Connection: keep-alive]
2020-04-16 20:27:01 method: com.lemon.utils.HttpUtils.printResponseAndReturnBody(HttpUtils.java:201) - [ INFO ]----响应体：{"code":2,"msg":"账号已存在","data":null,"copyright":"Copyright 柠檬班 © 2017-2019 湖南省零檬信息技术有限公司 All Rights Reserved"}
2020-04-16 20:27:01 method: com.lemon.utils.HttpUtils.printResponseAndReturnBody(HttpUtils.java:203) - [ INFO ]----状态码：200
2020-04-16 20:27:01 method: com.lemon.utils.HttpUtils.printResponseAndReturnBody(HttpUtils.java:198) - [ INFO ]----响应头：[Server: nginx/1.4.2, Date: Thu, 16 Apr 2020 12:27:01 GMT, Content-Type: application/json;charset=UTF-8, Transfer-Encoding: chunked, Connection: keep-alive]
2020-04-16 20:27:01 method: com.lemon.utils.HttpUtils.printResponseAndReturnBody(HttpUtils.java:201) - [ INFO ]----响应体：{"code":2,"msg":"密码为空","data":null,"copyright":"Copyright 柠檬班 © 2017-2019 湖南省零檬信息技术有限公司 All Rights Reserved"}
2020-04-16 20:27:01 method: com.lemon.utils.HttpUtils.printResponseAndReturnBody(HttpUtils.java:203) - [ INFO ]----状态码：200
2020-04-16 20:27:02 method: com.lemon.utils.HttpUtils.printResponseAndReturnBody(HttpUtils.java:198) - [ INFO ]----响应头：[Server: nginx/1.4.2, Date: Thu, 16 Apr 2020 12:27:01 GMT, Content-Type: application/json;charset=UTF-8, Transfer-Encoding: chunked, Connection: keep-alive]
2020-04-16 20:27:02 method: com.lemon.utils.HttpUtils.printResponseAndReturnBody(HttpUtils.java:201) - [ INFO ]----响应体：{"code":2,"msg":"手机号码为空","data":null,"copyright":"Copyright 柠檬班 © 2017-2019 湖南省零檬信息技术有限公司 All Rights Reserved"}
2020-04-16 20:27:02 method: com.lemon.utils.HttpUtils.printResponseAndReturnBody(HttpUtils.java:203) - [ INFO ]----状态码：200
2020-04-16 20:27:02 method: com.lemon.utils.HttpUtils.printResponseAndReturnBody(HttpUtils.java:198) - [ INFO ]----响应头：[Server: nginx/1.4.2, Date: Thu, 16 Apr 2020 12:27:01 GMT, Content-Type: application/json;charset=UTF-8, Transfer-Encoding: chunked, Connection: keep-alive]
2020-04-16 20:27:02 method: com.lemon.utils.HttpUtils.printResponseAndReturnBody(HttpUtils.java:201) - [ INFO ]----响应体：{"code":1001,"msg":"账号信息错误","data":null,"copyright":"Copyright 柠檬班 © 2017-2019 湖南省零檬信息技术有限公司 All Rights Reserved"}
2020-04-16 20:27:02 method: com.lemon.utils.HttpUtils.printResponseAndReturnBody(HttpUtils.java:203) - [ INFO ]----状态码：200
2020-04-16 20:27:02 method: com.lemon.utils.HttpUtils.printResponseAndReturnBody(HttpUtils.java:198) - [ INFO ]----响应头：[Server: nginx/1.4.2, Date: Thu, 16 Apr 2020 12:27:02 GMT, Content-Type: application/json;charset=UTF-8, Transfer-Encoding: chunked, Connection: keep-alive]
2020-04-16 20:27:02 method: com.lemon.utils.HttpUtils.printResponseAndReturnBody(HttpUtils.java:201) - [ INFO ]----响应体：{"code":1001,"msg":"账号信息错误","data":null,"copyright":"Copyright 柠檬班 © 2017-2019 湖南省零檬信息技术有限公司 All Rights Reserved"}
2020-04-16 20:27:02 method: com.lemon.utils.HttpUtils.printResponseAndReturnBody(HttpUtils.java:203) - [ INFO ]----状态码：200
2020-04-16 20:27:02 method: com.lemon.utils.HttpUtils.printResponseAndReturnBody(HttpUtils.java:198) - [ INFO ]----响应头：[Server: nginx/1.4.2, Date: Thu, 16 Apr 2020 12:27:02 GMT, Content-Type: application/json;charset=UTF-8, Transfer-Encoding: chunked, Connection: keep-alive]
2020-04-16 20:27:02 method: com.lemon.utils.HttpUtils.printResponseAndReturnBody(HttpUtils.java:201) - [ INFO ]----响应体：{"code":0,"msg":"OK","data":{"id":8033888,"leave_amount":1012602.98,"mobile_phone":"13222222112","reg_name":"小柠檬","reg_time":"2020-04-14 21:44:42.0","type":1,"token_info":{"token_type":"Bearer","expires_in":"2020-04-16 20:32:02","token":"eyJhbGciOiJIUzUxMiJ9.eyJtZW1iZXJfaWQiOjgwMzM4ODgsImV4cCI6MTU4NzA0MDMyMn0.4DbkLMpEqSSAyaUQpDlTsU_EvRTfkT2OZolaq3P93Z9-pmFqQWQPrdyWUCVukOcM2lt1N42RR6tcjAIuntoERQ"}},"copyright":"Copyright 柠檬班 © 2017-2019 湖南省零檬信息技术有限公司 All Rights Reserved"}
2020-04-16 20:27:02 method: com.lemon.utils.HttpUtils.printResponseAndReturnBody(HttpUtils.java:203) - [ INFO ]----状态码：200
2020-04-16 20:27:03 method: com.lemon.utils.HttpUtils.printResponseAndReturnBody(HttpUtils.java:198) - [ INFO ]----响应头：[Server: nginx/1.4.2, Date: Thu, 16 Apr 2020 12:27:02 GMT, Content-Type: application/json;charset=UTF-8, Transfer-Encoding: chunked, Connection: keep-alive]
2020-04-16 20:27:03 method: com.lemon.utils.HttpUtils.printResponseAndReturnBody(HttpUtils.java:201) - [ INFO ]----响应体：{"code":1007,"msg":"无权限访问，请检查参数","data":null,"copyright":"Copyright 柠檬班 © 2017-2019 湖南省零檬信息技术有限公司 All Rights Reserved"}
2020-04-16 20:27:03 method: com.lemon.utils.HttpUtils.printResponseAndReturnBody(HttpUtils.java:203) - [ INFO ]----状态码：200
2020-04-16 20:27:03 method: com.lemon.utils.HttpUtils.printResponseAndReturnBody(HttpUtils.java:198) - [ INFO ]----响应头：[Server: nginx/1.4.2, Date: Thu, 16 Apr 2020 12:27:02 GMT, Content-Type: application/json;charset=UTF-8, Transfer-Encoding: chunked, Connection: keep-alive]
2020-04-16 20:27:03 method: com.lemon.utils.HttpUtils.printResponseAndReturnBody(HttpUtils.java:201) - [ INFO ]----响应体：{"code":2,"msg":"余额必须大于0并且小于或者等于500000","data":null,"copyright":"Copyright 柠檬班 © 2017-2019 湖南省零檬信息技术有限公司 All Rights Reserved"}
2020-04-16 20:27:03 method: com.lemon.utils.HttpUtils.printResponseAndReturnBody(HttpUtils.java:203) - [ INFO ]----状态码：200
2020-04-16 20:27:03 method: com.lemon.utils.HttpUtils.printResponseAndReturnBody(HttpUtils.java:198) - [ INFO ]----响应头：[Server: nginx/1.4.2, Date: Thu, 16 Apr 2020 12:27:02 GMT, Content-Type: application/json;charset=UTF-8, Transfer-Encoding: chunked, Connection: keep-alive]
2020-04-16 20:27:03 method: com.lemon.utils.HttpUtils.printResponseAndReturnBody(HttpUtils.java:201) - [ INFO ]----响应体：{"code":2,"msg":"余额必须大于0并且小于或者等于500000","data":null,"copyright":"Copyright 柠檬班 © 2017-2019 湖南省零檬信息技术有限公司 All Rights Reserved"}
2020-04-16 20:27:03 method: com.lemon.utils.HttpUtils.printResponseAndReturnBody(HttpUtils.java:203) - [ INFO ]----状态码：200
2020-04-16 20:27:03 method: com.lemon.utils.HttpUtils.printResponseAndReturnBody(HttpUtils.java:198) - [ INFO ]----响应头：[Server: nginx/1.4.2, Date: Thu, 16 Apr 2020 12:27:02 GMT, Content-Type: application/json;charset=UTF-8, Transfer-Encoding: chunked, Connection: keep-alive]
2020-04-16 20:27:03 method: com.lemon.utils.HttpUtils.printResponseAndReturnBody(HttpUtils.java:201) - [ INFO ]----响应体：{"code":2,"msg":"数字格式化异常","data":null,"copyright":"Copyright 柠檬班 © 2017-2019 湖南省零檬信息技术有限公司 All Rights Reserved"}
2020-04-16 20:27:03 method: com.lemon.utils.HttpUtils.printResponseAndReturnBody(HttpUtils.java:203) - [ INFO ]----状态码：200
2020-04-16 20:27:03 method: com.lemon.utils.HttpUtils.printResponseAndReturnBody(HttpUtils.java:198) - [ INFO ]----响应头：[Server: nginx/1.4.2, Date: Thu, 16 Apr 2020 12:27:03 GMT, Content-Type: application/json;charset=UTF-8, Transfer-Encoding: chunked, Connection: keep-alive]
2020-04-16 20:27:03 method: com.lemon.utils.HttpUtils.printResponseAndReturnBody(HttpUtils.java:201) - [ INFO ]----响应体：{"code":0,"msg":"OK","data":{"id":8033888,"leave_amount":1018903.97,"mobile_phone":"13222222112","reg_name":"小柠檬","reg_time":"2020-04-14 21:44:42.0","type":1},"copyright":"Copyright 柠檬班 © 2017-2019 湖南省零檬信息技术有限公司 All Rights Reserved"}
2020-04-16 20:27:03 method: com.lemon.utils.HttpUtils.printResponseAndReturnBody(HttpUtils.java:203) - [ INFO ]----状态码：200
2020-04-16 20:27:04 method: com.lemon.cases.BaseCase.finish(BaseCase.java:153) - [ INFO ]----=======================项目结束============================
2020-04-16 20:36:50 method: com.lemon.cases.BaseCase.init(BaseCase.java:126) - [ INFO ]----=======================项目初始化============================
2020-04-16 20:36:52 method: com.lemon.cases.BaseCase.init(BaseCase.java:129) - [ INFO ]----=======================参数化开始============================
2020-04-16 20:36:55 method: com.lemon.utils.HttpUtils.printResponseAndReturnBody(HttpUtils.java:198) - [ INFO ]----响应头：[Server: nginx/1.4.2, Date: Thu, 16 Apr 2020 12:36:55 GMT, Content-Type: application/json;charset=UTF-8, Transfer-Encoding: chunked, Connection: keep-alive]
2020-04-16 20:36:55 method: com.lemon.utils.HttpUtils.printResponseAndReturnBody(HttpUtils.java:201) - [ INFO ]----响应体：{"code":1,"msg":"密码为空","data":null,"copyright":"Copyright 柠檬班 © 2017-2019 湖南省零檬信息技术有限公司 All Rights Reserved"}
2020-04-16 20:36:55 method: com.lemon.utils.HttpUtils.printResponseAndReturnBody(HttpUtils.java:203) - [ INFO ]----状态码：200
2020-04-16 20:36:56 method: com.lemon.utils.HttpUtils.printResponseAndReturnBody(HttpUtils.java:198) - [ INFO ]----响应头：[Server: nginx/1.4.2, Date: Thu, 16 Apr 2020 12:36:55 GMT, Content-Type: application/json;charset=UTF-8, Transfer-Encoding: chunked, Connection: keep-alive]
2020-04-16 20:36:56 method: com.lemon.utils.HttpUtils.printResponseAndReturnBody(HttpUtils.java:201) - [ INFO ]----响应体：{"code":1,"msg":"手机号为空","data":null,"copyright":"Copyright 柠檬班 © 2017-2019 湖南省零檬信息技术有限公司 All Rights Reserved"}
2020-04-16 20:36:56 method: com.lemon.utils.HttpUtils.printResponseAndReturnBody(HttpUtils.java:203) - [ INFO ]----状态码：200
2020-04-16 20:36:56 method: com.lemon.utils.HttpUtils.printResponseAndReturnBody(HttpUtils.java:198) - [ INFO ]----响应头：[Server: nginx/1.4.2, Date: Thu, 16 Apr 2020 12:36:55 GMT, Content-Type: application/json;charset=UTF-8, Transfer-Encoding: chunked, Connection: keep-alive]
2020-04-16 20:36:56 method: com.lemon.utils.HttpUtils.printResponseAndReturnBody(HttpUtils.java:201) - [ INFO ]----响应体：{"code":2,"msg":"无效的手机格式","data":null,"copyright":"Copyright 柠檬班 © 2017-2019 湖南省零檬信息技术有限公司 All Rights Reserved"}
2020-04-16 20:36:56 method: com.lemon.utils.HttpUtils.printResponseAndReturnBody(HttpUtils.java:203) - [ INFO ]----状态码：200
2020-04-16 20:36:56 method: com.lemon.utils.HttpUtils.printResponseAndReturnBody(HttpUtils.java:198) - [ INFO ]----响应头：[Server: nginx/1.4.2, Date: Thu, 16 Apr 2020 12:36:55 GMT, Content-Type: application/json;charset=UTF-8, Transfer-Encoding: chunked, Connection: keep-alive]
2020-04-16 20:36:56 method: com.lemon.utils.HttpUtils.printResponseAndReturnBody(HttpUtils.java:201) - [ INFO ]----响应体：{"code":2,"msg":"密码格式为8到16位","data":null,"copyright":"Copyright 柠檬班 © 2017-2019 湖南省零檬信息技术有限公司 All Rights Reserved"}
2020-04-16 20:36:56 method: com.lemon.utils.HttpUtils.printResponseAndReturnBody(HttpUtils.java:203) - [ INFO ]----状态码：200
2020-04-16 20:36:57 method: com.lemon.utils.HttpUtils.printResponseAndReturnBody(HttpUtils.java:198) - [ INFO ]----响应头：[Server: nginx/1.4.2, Date: Thu, 16 Apr 2020 12:36:57 GMT, Content-Type: application/json;charset=UTF-8, Transfer-Encoding: chunked, Connection: keep-alive]
2020-04-16 20:36:57 method: com.lemon.utils.HttpUtils.printResponseAndReturnBody(HttpUtils.java:201) - [ INFO ]----响应体：{"code":2,"msg":"账号已存在","data":null,"copyright":"Copyright 柠檬班 © 2017-2019 湖南省零檬信息技术有限公司 All Rights Reserved"}
2020-04-16 20:36:57 method: com.lemon.utils.HttpUtils.printResponseAndReturnBody(HttpUtils.java:203) - [ INFO ]----状态码：200
2020-04-16 20:36:57 method: com.lemon.utils.HttpUtils.printResponseAndReturnBody(HttpUtils.java:198) - [ INFO ]----响应头：[Server: nginx/1.4.2, Date: Thu, 16 Apr 2020 12:36:57 GMT, Content-Type: application/json;charset=UTF-8, Transfer-Encoding: chunked, Connection: keep-alive]
2020-04-16 20:36:57 method: com.lemon.utils.HttpUtils.printResponseAndReturnBody(HttpUtils.java:201) - [ INFO ]----响应体：{"code":2,"msg":"账号已存在","data":null,"copyright":"Copyright 柠檬班 © 2017-2019 湖南省零檬信息技术有限公司 All Rights Reserved"}
2020-04-16 20:36:57 method: com.lemon.utils.HttpUtils.printResponseAndReturnBody(HttpUtils.java:203) - [ INFO ]----状态码：200
2020-04-16 20:36:57 method: com.lemon.utils.HttpUtils.printResponseAndReturnBody(HttpUtils.java:198) - [ INFO ]----响应头：[Server: nginx/1.4.2, Date: Thu, 16 Apr 2020 12:36:57 GMT, Content-Type: application/json;charset=UTF-8, Transfer-Encoding: chunked, Connection: keep-alive]
2020-04-16 20:36:57 method: com.lemon.utils.HttpUtils.printResponseAndReturnBody(HttpUtils.java:201) - [ INFO ]----响应体：{"code":2,"msg":"密码为空","data":null,"copyright":"Copyright 柠檬班 © 2017-2019 湖南省零檬信息技术有限公司 All Rights Reserved"}
2020-04-16 20:36:57 method: com.lemon.utils.HttpUtils.printResponseAndReturnBody(HttpUtils.java:203) - [ INFO ]----状态码：200
2020-04-16 20:36:58 method: com.lemon.utils.HttpUtils.printResponseAndReturnBody(HttpUtils.java:198) - [ INFO ]----响应头：[Server: nginx/1.4.2, Date: Thu, 16 Apr 2020 12:36:57 GMT, Content-Type: application/json;charset=UTF-8, Transfer-Encoding: chunked, Connection: keep-alive]
2020-04-16 20:36:58 method: com.lemon.utils.HttpUtils.printResponseAndReturnBody(HttpUtils.java:201) - [ INFO ]----响应体：{"code":2,"msg":"手机号码为空","data":null,"copyright":"Copyright 柠檬班 © 2017-2019 湖南省零檬信息技术有限公司 All Rights Reserved"}
2020-04-16 20:36:58 method: com.lemon.utils.HttpUtils.printResponseAndReturnBody(HttpUtils.java:203) - [ INFO ]----状态码：200
2020-04-16 20:36:58 method: com.lemon.utils.HttpUtils.printResponseAndReturnBody(HttpUtils.java:198) - [ INFO ]----响应头：[Server: nginx/1.4.2, Date: Thu, 16 Apr 2020 12:36:58 GMT, Content-Type: application/json;charset=UTF-8, Transfer-Encoding: chunked, Connection: keep-alive]
2020-04-16 20:36:58 method: com.lemon.utils.HttpUtils.printResponseAndReturnBody(HttpUtils.java:201) - [ INFO ]----响应体：{"code":1001,"msg":"账号信息错误","data":null,"copyright":"Copyright 柠檬班 © 2017-2019 湖南省零檬信息技术有限公司 All Rights Reserved"}
2020-04-16 20:36:58 method: com.lemon.utils.HttpUtils.printResponseAndReturnBody(HttpUtils.java:203) - [ INFO ]----状态码：200
2020-04-16 20:36:58 method: com.lemon.utils.HttpUtils.printResponseAndReturnBody(HttpUtils.java:198) - [ INFO ]----响应头：[Server: nginx/1.4.2, Date: Thu, 16 Apr 2020 12:36:58 GMT, Content-Type: application/json;charset=UTF-8, Transfer-Encoding: chunked, Connection: keep-alive]
2020-04-16 20:36:58 method: com.lemon.utils.HttpUtils.printResponseAndReturnBody(HttpUtils.java:201) - [ INFO ]----响应体：{"code":1001,"msg":"账号信息错误","data":null,"copyright":"Copyright 柠檬班 © 2017-2019 湖南省零檬信息技术有限公司 All Rights Reserved"}
2020-04-16 20:36:58 method: com.lemon.utils.HttpUtils.printResponseAndReturnBody(HttpUtils.java:203) - [ INFO ]----状态码：200
2020-04-16 20:36:59 method: com.lemon.utils.HttpUtils.printResponseAndReturnBody(HttpUtils.java:198) - [ INFO ]----响应头：[Server: nginx/1.4.2, Date: Thu, 16 Apr 2020 12:36:58 GMT, Content-Type: application/json;charset=UTF-8, Transfer-Encoding: chunked, Connection: keep-alive]
2020-04-16 20:36:59 method: com.lemon.utils.HttpUtils.printResponseAndReturnBody(HttpUtils.java:201) - [ INFO ]----响应体：{"code":0,"msg":"OK","data":{"id":8033888,"leave_amount":1018903.97,"mobile_phone":"13222222112","reg_name":"小柠檬","reg_time":"2020-04-14 21:44:42.0","type":1,"token_info":{"token_type":"Bearer","expires_in":"2020-04-16 20:41:58","token":"eyJhbGciOiJIUzUxMiJ9.eyJtZW1iZXJfaWQiOjgwMzM4ODgsImV4cCI6MTU4NzA0MDkxOH0.WmIiRVVSlY9CX20jm8hshSGkd9wM83j-mceFxEKIXAAO8gfVNWXYgnuDaWPqfdTQJXbaO_vc0f01sAdxhJ8Dnw"}},"copyright":"Copyright 柠檬班 © 2017-2019 湖南省零檬信息技术有限公司 All Rights Reserved"}
2020-04-16 20:36:59 method: com.lemon.utils.HttpUtils.printResponseAndReturnBody(HttpUtils.java:203) - [ INFO ]----状态码：200
2020-04-16 20:36:59 method: com.lemon.utils.HttpUtils.printResponseAndReturnBody(HttpUtils.java:198) - [ INFO ]----响应头：[Server: nginx/1.4.2, Date: Thu, 16 Apr 2020 12:36:58 GMT, Content-Type: application/json;charset=UTF-8, Transfer-Encoding: chunked, Connection: keep-alive]
2020-04-16 20:36:59 method: com.lemon.utils.HttpUtils.printResponseAndReturnBody(HttpUtils.java:201) - [ INFO ]----响应体：{"code":1007,"msg":"无权限访问，请检查参数","data":null,"copyright":"Copyright 柠檬班 © 2017-2019 湖南省零檬信息技术有限公司 All Rights Reserved"}
2020-04-16 20:36:59 method: com.lemon.utils.HttpUtils.printResponseAndReturnBody(HttpUtils.java:203) - [ INFO ]----状态码：200
2020-04-16 20:36:59 method: com.lemon.utils.HttpUtils.printResponseAndReturnBody(HttpUtils.java:198) - [ INFO ]----响应头：[Server: nginx/1.4.2, Date: Thu, 16 Apr 2020 12:36:58 GMT, Content-Type: application/json;charset=UTF-8, Transfer-Encoding: chunked, Connection: keep-alive]
2020-04-16 20:36:59 method: com.lemon.utils.HttpUtils.printResponseAndReturnBody(HttpUtils.java:201) - [ INFO ]----响应体：{"code":2,"msg":"余额必须大于0并且小于或者等于500000","data":null,"copyright":"Copyright 柠檬班 © 2017-2019 湖南省零檬信息技术有限公司 All Rights Reserved"}
2020-04-16 20:36:59 method: com.lemon.utils.HttpUtils.printResponseAndReturnBody(HttpUtils.java:203) - [ INFO ]----状态码：200
2020-04-16 20:36:59 method: com.lemon.utils.HttpUtils.printResponseAndReturnBody(HttpUtils.java:198) - [ INFO ]----响应头：[Server: nginx/1.4.2, Date: Thu, 16 Apr 2020 12:36:59 GMT, Content-Type: application/json;charset=UTF-8, Transfer-Encoding: chunked, Connection: keep-alive]
2020-04-16 20:36:59 method: com.lemon.utils.HttpUtils.printResponseAndReturnBody(HttpUtils.java:201) - [ INFO ]----响应体：{"code":2,"msg":"余额必须大于0并且小于或者等于500000","data":null,"copyright":"Copyright 柠檬班 © 2017-2019 湖南省零檬信息技术有限公司 All Rights Reserved"}
2020-04-16 20:36:59 method: com.lemon.utils.HttpUtils.printResponseAndReturnBody(HttpUtils.java:203) - [ INFO ]----状态码：200
2020-04-16 20:36:59 method: com.lemon.utils.HttpUtils.printResponseAndReturnBody(HttpUtils.java:198) - [ INFO ]----响应头：[Server: nginx/1.4.2, Date: Thu, 16 Apr 2020 12:36:59 GMT, Content-Type: application/json;charset=UTF-8, Transfer-Encoding: chunked, Connection: keep-alive]
2020-04-16 20:36:59 method: com.lemon.utils.HttpUtils.printResponseAndReturnBody(HttpUtils.java:201) - [ INFO ]----响应体：{"code":2,"msg":"数字格式化异常","data":null,"copyright":"Copyright 柠檬班 © 2017-2019 湖南省零檬信息技术有限公司 All Rights Reserved"}
2020-04-16 20:36:59 method: com.lemon.utils.HttpUtils.printResponseAndReturnBody(HttpUtils.java:203) - [ INFO ]----状态码：200
2020-04-16 20:37:00 method: com.lemon.utils.HttpUtils.printResponseAndReturnBody(HttpUtils.java:198) - [ INFO ]----响应头：[Server: nginx/1.4.2, Date: Thu, 16 Apr 2020 12:36:59 GMT, Content-Type: application/json;charset=UTF-8, Transfer-Encoding: chunked, Connection: keep-alive]
2020-04-16 20:37:00 method: com.lemon.utils.HttpUtils.printResponseAndReturnBody(HttpUtils.java:201) - [ INFO ]----响应体：{"code":0,"msg":"OK","data":{"id":8033888,"leave_amount":1025204.96,"mobile_phone":"13222222112","reg_name":"小柠檬","reg_time":"2020-04-14 21:44:42.0","type":1},"copyright":"Copyright 柠檬班 © 2017-2019 湖南省零檬信息技术有限公司 All Rights Reserved"}
2020-04-16 20:37:00 method: com.lemon.utils.HttpUtils.printResponseAndReturnBody(HttpUtils.java:203) - [ INFO ]----状态码：200
2020-04-16 20:37:00 method: com.lemon.cases.BaseCase.finish(BaseCase.java:153) - [ INFO ]----=======================项目结束============================
2020-04-16 20:49:14 method: com.lemon.cases.BaseCase.init(BaseCase.java:129) - [ INFO ]----=======================项目初始化============================
2020-04-16 20:49:16 method: com.lemon.cases.BaseCase.init(BaseCase.java:132) - [ INFO ]----=======================参数化开始============================
2020-04-16 20:49:19 method: com.lemon.utils.HttpUtils.printResponseAndReturnBody(HttpUtils.java:201) - [ INFO ]----响应头：[Server: nginx/1.4.2, Date: Thu, 16 Apr 2020 12:49:19 GMT, Content-Type: application/json;charset=UTF-8, Transfer-Encoding: chunked, Connection: keep-alive]
2020-04-16 20:49:19 method: com.lemon.utils.HttpUtils.printResponseAndReturnBody(HttpUtils.java:204) - [ INFO ]----响应体：{"code":1,"msg":"密码为空","data":null,"copyright":"Copyright 柠檬班 © 2017-2019 湖南省零檬信息技术有限公司 All Rights Reserved"}
2020-04-16 20:49:19 method: com.lemon.utils.HttpUtils.printResponseAndReturnBody(HttpUtils.java:206) - [ INFO ]----状态码：200
2020-04-16 20:49:19 method: com.lemon.utils.HttpUtils.printResponseAndReturnBody(HttpUtils.java:201) - [ INFO ]----响应头：[Server: nginx/1.4.2, Date: Thu, 16 Apr 2020 12:49:19 GMT, Content-Type: application/json;charset=UTF-8, Transfer-Encoding: chunked, Connection: keep-alive]
2020-04-16 20:49:19 method: com.lemon.utils.HttpUtils.printResponseAndReturnBody(HttpUtils.java:204) - [ INFO ]----响应体：{"code":1,"msg":"手机号为空","data":null,"copyright":"Copyright 柠檬班 © 2017-2019 湖南省零檬信息技术有限公司 All Rights Reserved"}
2020-04-16 20:49:19 method: com.lemon.utils.HttpUtils.printResponseAndReturnBody(HttpUtils.java:206) - [ INFO ]----状态码：200
2020-04-16 20:49:19 method: com.lemon.utils.HttpUtils.printResponseAndReturnBody(HttpUtils.java:201) - [ INFO ]----响应头：[Server: nginx/1.4.2, Date: Thu, 16 Apr 2020 12:49:19 GMT, Content-Type: application/json;charset=UTF-8, Transfer-Encoding: chunked, Connection: keep-alive]
2020-04-16 20:49:19 method: com.lemon.utils.HttpUtils.printResponseAndReturnBody(HttpUtils.java:204) - [ INFO ]----响应体：{"code":2,"msg":"无效的手机格式","data":null,"copyright":"Copyright 柠檬班 © 2017-2019 湖南省零檬信息技术有限公司 All Rights Reserved"}
2020-04-16 20:49:19 method: com.lemon.utils.HttpUtils.printResponseAndReturnBody(HttpUtils.java:206) - [ INFO ]----状态码：200
2020-04-16 20:49:20 method: com.lemon.utils.HttpUtils.printResponseAndReturnBody(HttpUtils.java:201) - [ INFO ]----响应头：[Server: nginx/1.4.2, Date: Thu, 16 Apr 2020 12:49:19 GMT, Content-Type: application/json;charset=UTF-8, Transfer-Encoding: chunked, Connection: keep-alive]
2020-04-16 20:49:20 method: com.lemon.utils.HttpUtils.printResponseAndReturnBody(HttpUtils.java:204) - [ INFO ]----响应体：{"code":2,"msg":"密码格式为8到16位","data":null,"copyright":"Copyright 柠檬班 © 2017-2019 湖南省零檬信息技术有限公司 All Rights Reserved"}
2020-04-16 20:49:20 method: com.lemon.utils.HttpUtils.printResponseAndReturnBody(HttpUtils.java:206) - [ INFO ]----状态码：200
2020-04-16 20:49:21 method: com.lemon.utils.HttpUtils.printResponseAndReturnBody(HttpUtils.java:201) - [ INFO ]----响应头：[Server: nginx/1.4.2, Date: Thu, 16 Apr 2020 12:49:20 GMT, Content-Type: application/json;charset=UTF-8, Transfer-Encoding: chunked, Connection: keep-alive]
2020-04-16 20:49:21 method: com.lemon.utils.HttpUtils.printResponseAndReturnBody(HttpUtils.java:204) - [ INFO ]----响应体：{"code":2,"msg":"账号已存在","data":null,"copyright":"Copyright 柠檬班 © 2017-2019 湖南省零檬信息技术有限公司 All Rights Reserved"}
2020-04-16 20:49:21 method: com.lemon.utils.HttpUtils.printResponseAndReturnBody(HttpUtils.java:206) - [ INFO ]----状态码：200
2020-04-16 20:49:21 method: com.lemon.utils.HttpUtils.printResponseAndReturnBody(HttpUtils.java:201) - [ INFO ]----响应头：[Server: nginx/1.4.2, Date: Thu, 16 Apr 2020 12:49:21 GMT, Content-Type: application/json;charset=UTF-8, Transfer-Encoding: chunked, Connection: keep-alive]
2020-04-16 20:49:21 method: com.lemon.utils.HttpUtils.printResponseAndReturnBody(HttpUtils.java:204) - [ INFO ]----响应体：{"code":2,"msg":"账号已存在","data":null,"copyright":"Copyright 柠檬班 © 2017-2019 湖南省零檬信息技术有限公司 All Rights Reserved"}
2020-04-16 20:49:21 method: com.lemon.utils.HttpUtils.printResponseAndReturnBody(HttpUtils.java:206) - [ INFO ]----状态码：200
2020-04-16 20:49:21 method: com.lemon.utils.HttpUtils.printResponseAndReturnBody(HttpUtils.java:201) - [ INFO ]----响应头：[Server: nginx/1.4.2, Date: Thu, 16 Apr 2020 12:49:21 GMT, Content-Type: application/json;charset=UTF-8, Transfer-Encoding: chunked, Connection: keep-alive]
2020-04-16 20:49:21 method: com.lemon.utils.HttpUtils.printResponseAndReturnBody(HttpUtils.java:204) - [ INFO ]----响应体：{"code":2,"msg":"密码为空","data":null,"copyright":"Copyright 柠檬班 © 2017-2019 湖南省零檬信息技术有限公司 All Rights Reserved"}
2020-04-16 20:49:21 method: com.lemon.utils.HttpUtils.printResponseAndReturnBody(HttpUtils.java:206) - [ INFO ]----状态码：200
2020-04-16 20:49:22 method: com.lemon.utils.HttpUtils.printResponseAndReturnBody(HttpUtils.java:201) - [ INFO ]----响应头：[Server: nginx/1.4.2, Date: Thu, 16 Apr 2020 12:49:21 GMT, Content-Type: application/json;charset=UTF-8, Transfer-Encoding: chunked, Connection: keep-alive]
2020-04-16 20:49:22 method: com.lemon.utils.HttpUtils.printResponseAndReturnBody(HttpUtils.java:204) - [ INFO ]----响应体：{"code":2,"msg":"手机号码为空","data":null,"copyright":"Copyright 柠檬班 © 2017-2019 湖南省零檬信息技术有限公司 All Rights Reserved"}
2020-04-16 20:49:22 method: com.lemon.utils.HttpUtils.printResponseAndReturnBody(HttpUtils.java:206) - [ INFO ]----状态码：200
2020-04-16 20:49:22 method: com.lemon.utils.HttpUtils.printResponseAndReturnBody(HttpUtils.java:201) - [ INFO ]----响应头：[Server: nginx/1.4.2, Date: Thu, 16 Apr 2020 12:49:22 GMT, Content-Type: application/json;charset=UTF-8, Transfer-Encoding: chunked, Connection: keep-alive]
2020-04-16 20:49:22 method: com.lemon.utils.HttpUtils.printResponseAndReturnBody(HttpUtils.java:204) - [ INFO ]----响应体：{"code":1001,"msg":"账号信息错误","data":null,"copyright":"Copyright 柠檬班 © 2017-2019 湖南省零檬信息技术有限公司 All Rights Reserved"}
2020-04-16 20:49:22 method: com.lemon.utils.HttpUtils.printResponseAndReturnBody(HttpUtils.java:206) - [ INFO ]----状态码：200
2020-04-16 20:49:22 method: com.lemon.utils.HttpUtils.printResponseAndReturnBody(HttpUtils.java:201) - [ INFO ]----响应头：[Server: nginx/1.4.2, Date: Thu, 16 Apr 2020 12:49:22 GMT, Content-Type: application/json;charset=UTF-8, Transfer-Encoding: chunked, Connection: keep-alive]
2020-04-16 20:49:22 method: com.lemon.utils.HttpUtils.printResponseAndReturnBody(HttpUtils.java:204) - [ INFO ]----响应体：{"code":1001,"msg":"账号信息错误","data":null,"copyright":"Copyright 柠檬班 © 2017-2019 湖南省零檬信息技术有限公司 All Rights Reserved"}
2020-04-16 20:49:22 method: com.lemon.utils.HttpUtils.printResponseAndReturnBody(HttpUtils.java:206) - [ INFO ]----状态码：200
2020-04-16 20:49:23 method: com.lemon.utils.HttpUtils.printResponseAndReturnBody(HttpUtils.java:201) - [ INFO ]----响应头：[Server: nginx/1.4.2, Date: Thu, 16 Apr 2020 12:49:22 GMT, Content-Type: application/json;charset=UTF-8, Transfer-Encoding: chunked, Connection: keep-alive]
2020-04-16 20:49:23 method: com.lemon.utils.HttpUtils.printResponseAndReturnBody(HttpUtils.java:204) - [ INFO ]----响应体：{"code":0,"msg":"OK","data":{"id":8033888,"leave_amount":1025204.96,"mobile_phone":"13222222112","reg_name":"小柠檬","reg_time":"2020-04-14 21:44:42.0","type":1,"token_info":{"token_type":"Bearer","expires_in":"2020-04-16 20:54:22","token":"eyJhbGciOiJIUzUxMiJ9.eyJtZW1iZXJfaWQiOjgwMzM4ODgsImV4cCI6MTU4NzA0MTY2Mn0.RmWaEPc7fJZSByRKqRhd6obxQwbFlfUBWPQLw5ZahiNXE8moO83Wqa70OKDUgpoVGHDNaUcv5Jk7nYmRk1GGRA"}},"copyright":"Copyright 柠檬班 © 2017-2019 湖南省零檬信息技术有限公司 All Rights Reserved"}
2020-04-16 20:49:23 method: com.lemon.utils.HttpUtils.printResponseAndReturnBody(HttpUtils.java:206) - [ INFO ]----状态码：200
2020-04-16 20:49:23 method: com.lemon.utils.HttpUtils.printResponseAndReturnBody(HttpUtils.java:201) - [ INFO ]----响应头：[Server: nginx/1.4.2, Date: Thu, 16 Apr 2020 12:49:22 GMT, Content-Type: application/json;charset=UTF-8, Transfer-Encoding: chunked, Connection: keep-alive]
2020-04-16 20:49:23 method: com.lemon.utils.HttpUtils.printResponseAndReturnBody(HttpUtils.java:204) - [ INFO ]----响应体：{"code":1007,"msg":"无权限访问，请检查参数","data":null,"copyright":"Copyright 柠檬班 © 2017-2019 湖南省零檬信息技术有限公司 All Rights Reserved"}
2020-04-16 20:49:23 method: com.lemon.utils.HttpUtils.printResponseAndReturnBody(HttpUtils.java:206) - [ INFO ]----状态码：200
2020-04-16 20:49:23 method: com.lemon.utils.HttpUtils.printResponseAndReturnBody(HttpUtils.java:201) - [ INFO ]----响应头：[Server: nginx/1.4.2, Date: Thu, 16 Apr 2020 12:49:23 GMT, Content-Type: application/json;charset=UTF-8, Transfer-Encoding: chunked, Connection: keep-alive]
2020-04-16 20:49:23 method: com.lemon.utils.HttpUtils.printResponseAndReturnBody(HttpUtils.java:204) - [ INFO ]----响应体：{"code":2,"msg":"余额必须大于0并且小于或者等于500000","data":null,"copyright":"Copyright 柠檬班 © 2017-2019 湖南省零檬信息技术有限公司 All Rights Reserved"}
2020-04-16 20:49:23 method: com.lemon.utils.HttpUtils.printResponseAndReturnBody(HttpUtils.java:206) - [ INFO ]----状态码：200
2020-04-16 20:49:23 method: com.lemon.utils.HttpUtils.printResponseAndReturnBody(HttpUtils.java:201) - [ INFO ]----响应头：[Server: nginx/1.4.2, Date: Thu, 16 Apr 2020 12:49:23 GMT, Content-Type: application/json;charset=UTF-8, Transfer-Encoding: chunked, Connection: keep-alive]
2020-04-16 20:49:23 method: com.lemon.utils.HttpUtils.printResponseAndReturnBody(HttpUtils.java:204) - [ INFO ]----响应体：{"code":2,"msg":"余额必须大于0并且小于或者等于500000","data":null,"copyright":"Copyright 柠檬班 © 2017-2019 湖南省零檬信息技术有限公司 All Rights Reserved"}
2020-04-16 20:49:23 method: com.lemon.utils.HttpUtils.printResponseAndReturnBody(HttpUtils.java:206) - [ INFO ]----状态码：200
2020-04-16 20:49:23 method: com.lemon.utils.HttpUtils.printResponseAndReturnBody(HttpUtils.java:201) - [ INFO ]----响应头：[Server: nginx/1.4.2, Date: Thu, 16 Apr 2020 12:49:23 GMT, Content-Type: application/json;charset=UTF-8, Transfer-Encoding: chunked, Connection: keep-alive]
2020-04-16 20:49:23 method: com.lemon.utils.HttpUtils.printResponseAndReturnBody(HttpUtils.java:204) - [ INFO ]----响应体：{"code":2,"msg":"数字格式化异常","data":null,"copyright":"Copyright 柠檬班 © 2017-2019 湖南省零檬信息技术有限公司 All Rights Reserved"}
2020-04-16 20:49:23 method: com.lemon.utils.HttpUtils.printResponseAndReturnBody(HttpUtils.java:206) - [ INFO ]----状态码：200
2020-04-16 20:49:23 method: com.lemon.utils.HttpUtils.printResponseAndReturnBody(HttpUtils.java:201) - [ INFO ]----响应头：[Server: nginx/1.4.2, Date: Thu, 16 Apr 2020 12:49:23 GMT, Content-Type: application/json;charset=UTF-8, Transfer-Encoding: chunked, Connection: keep-alive]
2020-04-16 20:49:23 method: com.lemon.utils.HttpUtils.printResponseAndReturnBody(HttpUtils.java:204) - [ INFO ]----响应体：{"code":0,"msg":"OK","data":{"id":8033888,"leave_amount":1031505.95,"mobile_phone":"13222222112","reg_name":"小柠檬","reg_time":"2020-04-14 21:44:42.0","type":1},"copyright":"Copyright 柠檬班 © 2017-2019 湖南省零檬信息技术有限公司 All Rights Reserved"}
2020-04-16 20:49:23 method: com.lemon.utils.HttpUtils.printResponseAndReturnBody(HttpUtils.java:206) - [ INFO ]----状态码：200
2020-04-16 20:49:24 method: com.lemon.cases.BaseCase.finish(BaseCase.java:156) - [ INFO ]----=======================项目结束============================
